<?xml version="1.0" encoding="UTF-8"?>
<!-- Generated by org.testng.reporters.JUnitXMLReporter -->
<testsuite ignored="0" hostname="DESKTOP-14L0LB4" failures="0" tests="3" name="Default test" time="44.051" errors="0" timestamp="2022-08-11T10:23:52 IST">
  <testcase classname="oneClick.oneClickTDD.oneClickLogin" name="loginOneClick" time="9.735"/>
  <testcase classname="oneClick.oneClickTDD.oneClickLogin" name="verifyLoginPageTitle" time="0.635"/>
  <testcase classname="oneClick.oneClickTDD.oneClickLogin" name="resetLoginPage" time="9.798"/>
</testsuite> <!-- Default test -->
